<!DOCTYPE html PUBLIC "-//W3C//DTD XHTML 1.1//EN" "http://www.w3.org/TR/xhtml11/DTD/xhtml11.dtd">
<html xmlns="http://www.w3.org/1999/xhtml"><head><title>TestNG Report</title><style type="text/css">table {margin-bottom:10px;border-collapse:collapse;empty-cells:show}th,td {border:1px solid #009;padding:.25em .5em}th {vertical-align:bottom}td {vertical-align:top}table a {font-weight:bold}.stripe td {background-color: #E6EBF9}.num {text-align:right}.passedodd td {background-color: #3F3}.passedeven td {background-color: #0A0}.skippedodd td {background-color: #DDD}.skippedeven td {background-color: #CCC}.failedodd td,.attn {background-color: #F33}.failedeven td,.stripe .attn {background-color: #D00}.stacktrace {white-space:pre;font-family:monospace}.totop {font-size:85%;text-align:center;border-bottom:2px solid #000}</style></head><body><table><tr><th>Test</th><th># Passed</th><th># Skipped</th><th># Failed</th><th>Time (ms)</th><th>Included Groups</th><th>Excluded Groups</th></tr><tr><th colspan="7">SmokeTestSuite</th></tr><tr><td><a href="#t0">FirefoxBrowserTest</a></td><td class="num">2</td><td class="num">0</td><td class="num">0</td><td class="num">30,895</td><td>SmokeTesting</td><td></td></tr><tr class="stripe"><td><a href="#t1">ChromeBrowserTest</a></td><td class="num">1</td><td class="num">0</td><td class="num attn">1</td><td class="num">41,533</td><td>SmokeTesting</td><td></td></tr><tr><th>Total</th><th class="num">3</th><th class="num">0</th><th class="num attn">1</th><th class="num">72,428</th><th colspan="2"></th></tr></table><table><thead><tr><th>Class</th><th>Method</th><th>Start</th><th>Time (ms)</th></tr></thead><tbody><tr><th colspan="4">SmokeTestSuite</th></tr></tbody><tbody id="t0"><tr><th colspan="4">FirefoxBrowserTest &#8212; passed</th></tr><tr class="passedeven"><td rowspan="2">com.gmail.testScripts.Test_LoginPage</td><td><a href="#m0">userEntersInvalidUserName</a></td><td rowspan="1">1562742514708</td><td rowspan="1">5322</td></tr><tr class="passedeven"><td><a href="#m1">userEntersValidUserNameButInvalidPassword</a></td><td rowspan="1">1562742528358</td><td rowspan="1">10690</td></tr></tbody><tbody id="t1"><tr><th colspan="4">ChromeBrowserTest &#8212; failed</th></tr><tr class="failedeven"><td rowspan="1">com.gmail.testScripts.Test_LoginPage</td><td><a href="#m2">userEntersValidUserNameButInvalidPassword</a></td><td rowspan="1">1562742531179</td><td rowspan="1">18281</td></tr><tr><th colspan="4">ChromeBrowserTest &#8212; passed</th></tr><tr class="passedeven"><td rowspan="1">com.gmail.testScripts.Test_LoginPage</td><td><a href="#m3">userEntersInvalidUserName</a></td><td rowspan="1">1562742517328</td><td rowspan="1">7079</td></tr></tbody></table><h2>FirefoxBrowserTest</h2><h3 id="m0">com.gmail.testScripts.Test_LoginPage#userEntersInvalidUserName</h3><table class="result"></table><p class="totop"><a href="#summary">back to summary</a></p><h3 id="m1">com.gmail.testScripts.Test_LoginPage#userEntersValidUserNameButInvalidPassword</h3><table class="result"></table><p class="totop"><a href="#summary">back to summary</a></p><h2>ChromeBrowserTest</h2><h3 id="m2">com.gmail.testScripts.Test_LoginPage#userEntersValidUserNameButInvalidPassword</h3><table class="result"><tr><th>Exception</th></tr><tr><td><div class="stacktrace">org.openqa.selenium.TimeoutException: Expected condition failed: waiting for visibility of Proxy element for: DefaultElementLocator &apos;By.xpath: //span[text()=&quot;Wrong password. Try again or click Forgot password to reset it.&quot;]&apos; (tried for 10 second(s) with 500 milliseconds interval)
	at org.openqa.selenium.support.ui.WebDriverWait.timeoutException(WebDriverWait.java:95)
	at org.openqa.selenium.support.ui.FluentWait.until(FluentWait.java:272)
	at com.gmail.generic.Waits.eWaitForVisibility(Waits.java:26)
	at com.gmail.pageClasses.LoginPage.getPasswordErrorMessage(LoginPage.java:57)
	at com.gmail.testScripts.Test_LoginPage.userEntersValidUserNameButInvalidPassword(Test_LoginPage.java:63)
	at java.util.concurrent.FutureTask.run(FutureTask.java:266)
	at java.util.concurrent.ThreadPoolExecutor.runWorker(ThreadPoolExecutor.java:1142)
	at java.util.concurrent.ThreadPoolExecutor$Worker.run(ThreadPoolExecutor.java:617)
	at java.lang.Thread.run(Thread.java:745)
Caused by: org.openqa.selenium.NoSuchElementException: no such element: Unable to locate element: {&quot;method&quot;:&quot;xpath&quot;,&quot;selector&quot;:&quot;//span[text()=&quot;Wrong password. Try again or click Forgot password to reset it.&quot;]&quot;}
  (Session info: chrome=75.0.3770.100)
For documentation on this error, please visit: https://www.seleniumhq.org/exceptions/no_such_element.html
Build info: version: &apos;3.141.59&apos;, revision: &apos;e82be7d358&apos;, time: &apos;2018-11-14T08:17:03&apos;
System info: host: &apos;ASDP1510_PO0197&apos;, ip: &apos;10.0.9.143&apos;, os.name: &apos;Windows 10&apos;, os.arch: &apos;amd64&apos;, os.version: &apos;10.0&apos;, java.version: &apos;1.8.0_111&apos;
Driver info: org.openqa.selenium.chrome.ChromeDriver
Capabilities {acceptInsecureCerts: false, browserName: chrome, browserVersion: 75.0.3770.100, chrome: {chromedriverVersion: 75.0.3770.90 (a6dcaf7e3ec6f..., userDataDir: C:\Users\MUKULV~1\AppData\L...}, goog:chromeOptions: {debuggerAddress: localhost:51574}, javascriptEnabled: true, networkConnectionEnabled: false, pageLoadStrategy: normal, platform: XP, platformName: XP, proxy: Proxy(), setWindowRect: true, strictFileInteractability: false, timeouts: {implicit: 0, pageLoad: 300000, script: 30000}, unhandledPromptBehavior: dismiss and notify}
Session ID: 5b014b08e47914d24ce125b2c0acf56c
*** Element info: {Using=xpath, value=//span[text()=&quot;Wrong password. Try again or click Forgot password to reset it.&quot;]}
	at org.openqa.selenium.remote.http.W3CHttpResponseCodec.createException(W3CHttpResponseCodec.java:187)
	at org.openqa.selenium.remote.http.W3CHttpResponseCodec.decode(W3CHttpResponseCodec.java:122)
	at org.openqa.selenium.remote.http.W3CHttpResponseCodec.decode(W3CHttpResponseCodec.java:49)
	at org.openqa.selenium.remote.HttpCommandExecutor.execute(HttpCommandExecutor.java:158)
	at org.openqa.selenium.remote.service.DriverCommandExecutor.execute(DriverCommandExecutor.java:83)
	at org.openqa.selenium.remote.RemoteWebDriver.execute(RemoteWebDriver.java:552)
	at org.openqa.selenium.remote.RemoteWebDriver.findElement(RemoteWebDriver.java:323)
	at org.openqa.selenium.remote.RemoteWebDriver.findElementByXPath(RemoteWebDriver.java:428)
	at org.openqa.selenium.By$ByXPath.findElement(By.java:353)
	at org.openqa.selenium.remote.RemoteWebDriver.findElement(RemoteWebDriver.java:315)
	at org.openqa.selenium.support.pagefactory.DefaultElementLocator.findElement(DefaultElementLocator.java:69)
	at org.openqa.selenium.support.pagefactory.internal.LocatingElementHandler.invoke(LocatingElementHandler.java:38)
	at com.sun.proxy.$Proxy10.isDisplayed(Unknown Source)
	at org.openqa.selenium.support.ui.ExpectedConditions.elementIfVisible(ExpectedConditions.java:314)
	at org.openqa.selenium.support.ui.ExpectedConditions.access$000(ExpectedConditions.java:43)
	at org.openqa.selenium.support.ui.ExpectedConditions$10.apply(ExpectedConditions.java:300)
	at org.openqa.selenium.support.ui.ExpectedConditions$10.apply(ExpectedConditions.java:297)
	at org.openqa.selenium.support.ui.FluentWait.until(FluentWait.java:249)
	... 23 more
... Removed 19 stack frames</div></td></tr></table><p class="totop"><a href="#summary">back to summary</a></p><h3 id="m3">com.gmail.testScripts.Test_LoginPage#userEntersInvalidUserName</h3><table class="result"></table><p class="totop"><a href="#summary">back to summary</a></p></body></html>