<?xml version="1.0" encoding="UTF-8"?>
<testng-results skipped="0" failed="1" total="4" passed="3">
  <reporter-output>
  </reporter-output>
  <suite name="SmokeTestSuite" duration-ms="41533" started-at="2019-07-10T07:08:30Z" finished-at="2019-07-10T07:09:11Z">
    <groups>
      <group name="SmokeTesting">
        <method signature="Test_LoginPage.userEntersInvalidUserName()[pri:0, instance:com.gmail.testScripts.Test_LoginPage@1bce4f0a]" name="userEntersInvalidUserName" class="com.gmail.testScripts.Test_LoginPage"/>
        <method signature="Test_LoginPage.userEntersValidUserNameButInvalidPassword()[pri:0, instance:com.gmail.testScripts.Test_LoginPage@1bce4f0a]" name="userEntersValidUserNameButInvalidPassword" class="com.gmail.testScripts.Test_LoginPage"/>
        <method signature="Test_LoginPage.userEntersInvalidUserName()[pri:0, instance:com.gmail.testScripts.Test_LoginPage@6eebc39e]" name="userEntersInvalidUserName" class="com.gmail.testScripts.Test_LoginPage"/>
        <method signature="Test_LoginPage.userEntersValidUserNameButInvalidPassword()[pri:0, instance:com.gmail.testScripts.Test_LoginPage@6eebc39e]" name="userEntersValidUserNameButInvalidPassword" class="com.gmail.testScripts.Test_LoginPage"/>
      </group> <!-- SmokeTesting -->
      <group name="NegativeTesting">
        <method signature="Test_LoginPage.userEntersInvalidUserName()[pri:0, instance:com.gmail.testScripts.Test_LoginPage@1bce4f0a]" name="userEntersInvalidUserName" class="com.gmail.testScripts.Test_LoginPage"/>
        <method signature="Test_LoginPage.userEntersValidUserNameButInvalidPassword()[pri:0, instance:com.gmail.testScripts.Test_LoginPage@1bce4f0a]" name="userEntersValidUserNameButInvalidPassword" class="com.gmail.testScripts.Test_LoginPage"/>
        <method signature="Test_LoginPage.userEntersInvalidUserName()[pri:0, instance:com.gmail.testScripts.Test_LoginPage@6eebc39e]" name="userEntersInvalidUserName" class="com.gmail.testScripts.Test_LoginPage"/>
        <method signature="Test_LoginPage.userEntersValidUserNameButInvalidPassword()[pri:0, instance:com.gmail.testScripts.Test_LoginPage@6eebc39e]" name="userEntersValidUserNameButInvalidPassword" class="com.gmail.testScripts.Test_LoginPage"/>
      </group> <!-- NegativeTesting -->
    </groups>
    <test name="FirefoxBrowserTest" duration-ms="30895" started-at="2019-07-10T07:08:30Z" finished-at="2019-07-10T07:09:01Z">
      <class name="com.gmail.testScripts.Test_LoginPage">
        <test-method status="PASS" signature="setUp(java.lang.String)[pri:0, instance:com.gmail.testScripts.Test_LoginPage@6eebc39e]" name="setUp" is-config="true" duration-ms="4414" started-at="2019-07-10T12:38:30Z" finished-at="2019-07-10T12:38:34Z">
          <params>
            <param index="0">
              <value>
                <![CDATA[firefox]]>
              </value>
            </param>
          </params>
          <reporter-output>
          </reporter-output>
        </test-method> <!-- setUp -->
        <test-method status="PASS" signature="initializePageObjects()[pri:0, instance:com.gmail.testScripts.Test_LoginPage@6eebc39e]" name="initializePageObjects" is-config="true" duration-ms="27" started-at="2019-07-10T12:38:34Z" finished-at="2019-07-10T12:38:34Z">
          <reporter-output>
          </reporter-output>
        </test-method> <!-- initializePageObjects -->
        <test-method status="PASS" signature="userEntersInvalidUserName()[pri:0, instance:com.gmail.testScripts.Test_LoginPage@6eebc39e]" name="userEntersInvalidUserName" duration-ms="5322" started-at="2019-07-10T12:38:34Z" finished-at="2019-07-10T12:38:40Z">
          <reporter-output>
          </reporter-output>
        </test-method> <!-- userEntersInvalidUserName -->
        <test-method status="PASS" signature="tearDown()[pri:0, instance:com.gmail.testScripts.Test_LoginPage@6eebc39e]" name="tearDown" is-config="true" duration-ms="4265" started-at="2019-07-10T12:38:40Z" finished-at="2019-07-10T12:38:44Z">
          <reporter-output>
          </reporter-output>
        </test-method> <!-- tearDown -->
        <test-method status="PASS" signature="setUp(java.lang.String)[pri:0, instance:com.gmail.testScripts.Test_LoginPage@6eebc39e]" name="setUp" is-config="true" duration-ms="4061" started-at="2019-07-10T12:38:44Z" finished-at="2019-07-10T12:38:48Z">
          <params>
            <param index="0">
              <value>
                <![CDATA[firefox]]>
              </value>
            </param>
          </params>
          <reporter-output>
          </reporter-output>
        </test-method> <!-- setUp -->
        <test-method status="PASS" signature="initializePageObjects()[pri:0, instance:com.gmail.testScripts.Test_LoginPage@6eebc39e]" name="initializePageObjects" is-config="true" duration-ms="1" started-at="2019-07-10T12:38:48Z" finished-at="2019-07-10T12:38:48Z">
          <reporter-output>
          </reporter-output>
        </test-method> <!-- initializePageObjects -->
        <test-method status="PASS" signature="userEntersValidUserNameButInvalidPassword()[pri:0, instance:com.gmail.testScripts.Test_LoginPage@6eebc39e]" name="userEntersValidUserNameButInvalidPassword" duration-ms="10690" started-at="2019-07-10T12:38:48Z" finished-at="2019-07-10T12:38:59Z">
          <reporter-output>
          </reporter-output>
        </test-method> <!-- userEntersValidUserNameButInvalidPassword -->
        <test-method status="PASS" signature="tearDown()[pri:0, instance:com.gmail.testScripts.Test_LoginPage@6eebc39e]" name="tearDown" is-config="true" duration-ms="2100" started-at="2019-07-10T12:38:59Z" finished-at="2019-07-10T12:39:01Z">
          <reporter-output>
          </reporter-output>
        </test-method> <!-- tearDown -->
      </class> <!-- com.gmail.testScripts.Test_LoginPage -->
    </test> <!-- FirefoxBrowserTest -->
    <test name="ChromeBrowserTest" duration-ms="41533" started-at="2019-07-10T07:08:30Z" finished-at="2019-07-10T07:09:11Z">
      <class name="com.gmail.testScripts.Test_LoginPage">
        <test-method status="PASS" signature="setUp(java.lang.String)[pri:0, instance:com.gmail.testScripts.Test_LoginPage@1bce4f0a]" name="setUp" is-config="true" duration-ms="7059" started-at="2019-07-10T12:38:30Z" finished-at="2019-07-10T12:38:37Z">
          <params>
            <param index="0">
              <value>
                <![CDATA[chrome]]>
              </value>
            </param>
          </params>
          <reporter-output>
          </reporter-output>
        </test-method> <!-- setUp -->
        <test-method status="PASS" signature="initializePageObjects()[pri:0, instance:com.gmail.testScripts.Test_LoginPage@1bce4f0a]" name="initializePageObjects" is-config="true" duration-ms="2" started-at="2019-07-10T12:38:37Z" finished-at="2019-07-10T12:38:37Z">
          <reporter-output>
          </reporter-output>
        </test-method> <!-- initializePageObjects -->
        <test-method status="PASS" signature="userEntersInvalidUserName()[pri:0, instance:com.gmail.testScripts.Test_LoginPage@1bce4f0a]" name="userEntersInvalidUserName" duration-ms="7079" started-at="2019-07-10T12:38:37Z" finished-at="2019-07-10T12:38:44Z">
          <reporter-output>
          </reporter-output>
        </test-method> <!-- userEntersInvalidUserName -->
        <test-method status="PASS" signature="tearDown()[pri:0, instance:com.gmail.testScripts.Test_LoginPage@1bce4f0a]" name="tearDown" is-config="true" duration-ms="2336" started-at="2019-07-10T12:38:44Z" finished-at="2019-07-10T12:38:46Z">
          <reporter-output>
          </reporter-output>
        </test-method> <!-- tearDown -->
        <test-method status="PASS" signature="setUp(java.lang.String)[pri:0, instance:com.gmail.testScripts.Test_LoginPage@1bce4f0a]" name="setUp" is-config="true" duration-ms="4434" started-at="2019-07-10T12:38:46Z" finished-at="2019-07-10T12:38:51Z">
          <params>
            <param index="0">
              <value>
                <![CDATA[chrome]]>
              </value>
            </param>
          </params>
          <reporter-output>
          </reporter-output>
        </test-method> <!-- setUp -->
        <test-method status="PASS" signature="initializePageObjects()[pri:0, instance:com.gmail.testScripts.Test_LoginPage@1bce4f0a]" name="initializePageObjects" is-config="true" duration-ms="1" started-at="2019-07-10T12:38:51Z" finished-at="2019-07-10T12:38:51Z">
          <reporter-output>
          </reporter-output>
        </test-method> <!-- initializePageObjects -->
        <test-method status="FAIL" signature="userEntersValidUserNameButInvalidPassword()[pri:0, instance:com.gmail.testScripts.Test_LoginPage@1bce4f0a]" name="userEntersValidUserNameButInvalidPassword" duration-ms="18281" started-at="2019-07-10T12:38:51Z" finished-at="2019-07-10T12:39:09Z">
          <exception class="org.openqa.selenium.TimeoutException">
            <message>
              <![CDATA[Expected condition failed: waiting for visibility of Proxy element for: DefaultElementLocator 'By.xpath: //span[text()="Wrong password. Try again or click Forgot password to reset it."]' (tried for 10 second(s) with 500 milliseconds interval)]]>
            </message>
            <full-stacktrace>
              <![CDATA[org.openqa.selenium.TimeoutException: Expected condition failed: waiting for visibility of Proxy element for: DefaultElementLocator 'By.xpath: //span[text()="Wrong password. Try again or click Forgot password to reset it."]' (tried for 10 second(s) with 500 milliseconds interval)
	at org.openqa.selenium.support.ui.WebDriverWait.timeoutException(WebDriverWait.java:95)
	at org.openqa.selenium.support.ui.FluentWait.until(FluentWait.java:272)
	at com.gmail.generic.Waits.eWaitForVisibility(Waits.java:26)
	at com.gmail.pageClasses.LoginPage.getPasswordErrorMessage(LoginPage.java:57)
	at com.gmail.testScripts.Test_LoginPage.userEntersValidUserNameButInvalidPassword(Test_LoginPage.java:63)
	at sun.reflect.NativeMethodAccessorImpl.invoke0(Native Method)
	at sun.reflect.NativeMethodAccessorImpl.invoke(NativeMethodAccessorImpl.java:62)
	at sun.reflect.DelegatingMethodAccessorImpl.invoke(DelegatingMethodAccessorImpl.java:43)
	at java.lang.reflect.Method.invoke(Method.java:498)
	at org.testng.internal.MethodInvocationHelper.invokeMethod(MethodInvocationHelper.java:85)
	at org.testng.internal.Invoker.invokeMethod(Invoker.java:639)
	at org.testng.internal.Invoker.invokeTestMethod(Invoker.java:816)
	at org.testng.internal.Invoker.invokeTestMethods(Invoker.java:1124)
	at org.testng.internal.TestMethodWorker.invokeTestMethods(TestMethodWorker.java:125)
	at org.testng.internal.TestMethodWorker.run(TestMethodWorker.java:108)
	at org.testng.TestRunner.privateRun(TestRunner.java:774)
	at org.testng.TestRunner.run(TestRunner.java:624)
	at org.testng.SuiteRunner.runTest(SuiteRunner.java:359)
	at org.testng.SuiteRunner.access$000(SuiteRunner.java:39)
	at org.testng.SuiteRunner$SuiteWorker.run(SuiteRunner.java:393)
	at org.testng.internal.thread.ThreadUtil$2.call(ThreadUtil.java:64)
	at java.util.concurrent.FutureTask.run(FutureTask.java:266)
	at java.util.concurrent.ThreadPoolExecutor.runWorker(ThreadPoolExecutor.java:1142)
	at java.util.concurrent.ThreadPoolExecutor$Worker.run(ThreadPoolExecutor.java:617)
	at java.lang.Thread.run(Thread.java:745)
Caused by: org.openqa.selenium.NoSuchElementException: no such element: Unable to locate element: {"method":"xpath","selector":"//span[text()="Wrong password. Try again or click Forgot password to reset it."]"}
  (Session info: chrome=75.0.3770.100)
For documentation on this error, please visit: https://www.seleniumhq.org/exceptions/no_such_element.html
Build info: version: '3.141.59', revision: 'e82be7d358', time: '2018-11-14T08:17:03'
System info: host: 'ASDP1510_PO0197', ip: '10.0.9.143', os.name: 'Windows 10', os.arch: 'amd64', os.version: '10.0', java.version: '1.8.0_111'
Driver info: org.openqa.selenium.chrome.ChromeDriver
Capabilities {acceptInsecureCerts: false, browserName: chrome, browserVersion: 75.0.3770.100, chrome: {chromedriverVersion: 75.0.3770.90 (a6dcaf7e3ec6f..., userDataDir: C:\Users\MUKULV~1\AppData\L...}, goog:chromeOptions: {debuggerAddress: localhost:51574}, javascriptEnabled: true, networkConnectionEnabled: false, pageLoadStrategy: normal, platform: XP, platformName: XP, proxy: Proxy(), setWindowRect: true, strictFileInteractability: false, timeouts: {implicit: 0, pageLoad: 300000, script: 30000}, unhandledPromptBehavior: dismiss and notify}
Session ID: 5b014b08e47914d24ce125b2c0acf56c
*** Element info: {Using=xpath, value=//span[text()="Wrong password. Try again or click Forgot password to reset it."]}
	at sun.reflect.GeneratedConstructorAccessor18.newInstance(Unknown Source)
	at sun.reflect.DelegatingConstructorAccessorImpl.newInstance(DelegatingConstructorAccessorImpl.java:45)
	at java.lang.reflect.Constructor.newInstance(Constructor.java:423)
	at org.openqa.selenium.remote.http.W3CHttpResponseCodec.createException(W3CHttpResponseCodec.java:187)
	at org.openqa.selenium.remote.http.W3CHttpResponseCodec.decode(W3CHttpResponseCodec.java:122)
	at org.openqa.selenium.remote.http.W3CHttpResponseCodec.decode(W3CHttpResponseCodec.java:49)
	at org.openqa.selenium.remote.HttpCommandExecutor.execute(HttpCommandExecutor.java:158)
	at org.openqa.selenium.remote.service.DriverCommandExecutor.execute(DriverCommandExecutor.java:83)
	at org.openqa.selenium.remote.RemoteWebDriver.execute(RemoteWebDriver.java:552)
	at org.openqa.selenium.remote.RemoteWebDriver.findElement(RemoteWebDriver.java:323)
	at org.openqa.selenium.remote.RemoteWebDriver.findElementByXPath(RemoteWebDriver.java:428)
	at org.openqa.selenium.By$ByXPath.findElement(By.java:353)
	at org.openqa.selenium.remote.RemoteWebDriver.findElement(RemoteWebDriver.java:315)
	at org.openqa.selenium.support.pagefactory.DefaultElementLocator.findElement(DefaultElementLocator.java:69)
	at org.openqa.selenium.support.pagefactory.internal.LocatingElementHandler.invoke(LocatingElementHandler.java:38)
	at com.sun.proxy.$Proxy10.isDisplayed(Unknown Source)
	at org.openqa.selenium.support.ui.ExpectedConditions.elementIfVisible(ExpectedConditions.java:314)
	at org.openqa.selenium.support.ui.ExpectedConditions.access$000(ExpectedConditions.java:43)
	at org.openqa.selenium.support.ui.ExpectedConditions$10.apply(ExpectedConditions.java:300)
	at org.openqa.selenium.support.ui.ExpectedConditions$10.apply(ExpectedConditions.java:297)
	at org.openqa.selenium.support.ui.FluentWait.until(FluentWait.java:249)
	... 23 more
]]>
            </full-stacktrace>
          </exception> <!-- org.openqa.selenium.TimeoutException -->
          <reporter-output>
          </reporter-output>
        </test-method> <!-- userEntersValidUserNameButInvalidPassword -->
        <test-method status="PASS" signature="tearDown()[pri:0, instance:com.gmail.testScripts.Test_LoginPage@1bce4f0a]" name="tearDown" is-config="true" duration-ms="2323" started-at="2019-07-10T12:39:09Z" finished-at="2019-07-10T12:39:11Z">
          <reporter-output>
          </reporter-output>
        </test-method> <!-- tearDown -->
      </class> <!-- com.gmail.testScripts.Test_LoginPage -->
    </test> <!-- ChromeBrowserTest -->
  </suite> <!-- SmokeTestSuite -->
</testng-results>
